<?xml version="1.0" encoding="UTF-8"?>
<testng-results ignored="0" total="1" passed="1" failed="0" skipped="0">
  <reporter-output>
  </reporter-output>
  <suite started-at="2023-07-13T18:02:24 IST" name="Suite" finished-at="2023-07-13T18:03:12 IST" duration-ms="47607">
    <groups>
    </groups>
    <test started-at="2023-07-13T18:02:24 IST" name="Test" finished-at="2023-07-13T18:03:12 IST" duration-ms="47607">
      <class name="TestCases.TC01_addingMobile">
        <test-method is-config="true" signature="setup(java.lang.String)[pri:0, instance:TestCases.TC01_addingMobile@5524cca1]" started-at="2023-07-13T18:02:24 IST" name="setup" finished-at="2023-07-13T18:02:30 IST" duration-ms="6075" status="PASS">
          <params>
            <param index="0">
              <value>
                <![CDATA[chrome]]>
              </value>
            </param>
          </params>
          <reporter-output>
          </reporter-output>
        </test-method> <!-- setup -->
        <test-method signature="Mobile()[pri:0, instance:TestCases.TC01_addingMobile@5524cca1]" started-at="2023-07-13T18:02:30 IST" name="Mobile" finished-at="2023-07-13T18:03:12 IST" duration-ms="41464" status="PASS">
          <reporter-output>
          </reporter-output>
        </test-method> <!-- Mobile -->
      </class> <!-- TestCases.TC01_addingMobile -->
    </test> <!-- Test -->
  </suite> <!-- Suite -->
</testng-results>
